Performing C SOURCE FILE Test CMAKE_HAVE_LIBC_PTHREAD failed with the following output:
Change Dir: /home/119010114/csc4005-assignment-3_cuda/csc4005-imgui/build/CMakeFiles/CMakeTmp

Run Build Command(s):/opt/rh/devtoolset-10/root/usr/bin/gmake -f Makefile cmTC_78ba6/fast && /opt/rh/devtoolset-10/root/usr/bin/gmake  -f CMakeFiles/cmTC_78ba6.dir/build.make CMakeFiles/cmTC_78ba6.dir/build
gmake[1]: Entering directory '/home/119010114/csc4005-assignment-3_cuda/csc4005-imgui/build/CMakeFiles/CMakeTmp'
Building C object CMakeFiles/cmTC_78ba6.dir/src.c.o
/opt/rh/devtoolset-10/root/usr/bin/gcc -DCMAKE_HAVE_LIBC_PTHREAD   -o CMakeFiles/cmTC_78ba6.dir/src.c.o -c /home/119010114/csc4005-assignment-3_cuda/csc4005-imgui/build/CMakeFiles/CMakeTmp/src.c
Linking C executable cmTC_78ba6
/opt/cmake/bin/cmake -E cmake_link_script CMakeFiles/cmTC_78ba6.dir/link.txt --verbose=1
/opt/rh/devtoolset-10/root/usr/bin/gcc -rdynamic CMakeFiles/cmTC_78ba6.dir/src.c.o -o cmTC_78ba6 
/opt/rh/devtoolset-10/root/usr/libexec/gcc/x86_64-redhat-linux/10/ld: CMakeFiles/cmTC_78ba6.dir/src.c.o: in function `main':
src.c:(.text+0x2d): undefined reference to `pthread_create'
/opt/rh/devtoolset-10/root/usr/libexec/gcc/x86_64-redhat-linux/10/ld: src.c:(.text+0x39): undefined reference to `pthread_detach'
/opt/rh/devtoolset-10/root/usr/libexec/gcc/x86_64-redhat-linux/10/ld: src.c:(.text+0x45): undefined reference to `pthread_cancel'
/opt/rh/devtoolset-10/root/usr/libexec/gcc/x86_64-redhat-linux/10/ld: src.c:(.text+0x56): undefined reference to `pthread_join'
/opt/rh/devtoolset-10/root/usr/libexec/gcc/x86_64-redhat-linux/10/ld: src.c:(.text+0x6a): undefined reference to `pthread_atfork'
collect2: error: ld returned 1 exit status
gmake[1]: *** [CMakeFiles/cmTC_78ba6.dir/build.make:99: cmTC_78ba6] Error 1
gmake[1]: Leaving directory '/home/119010114/csc4005-assignment-3_cuda/csc4005-imgui/build/CMakeFiles/CMakeTmp'
gmake: *** [Makefile:127: cmTC_78ba6/fast] Error 2


Source file was:
#include <pthread.h>

static void* test_func(void* data)
{
  return data;
}

int main(void)
{
  pthread_t thread;
  pthread_create(&thread, NULL, test_func, NULL);
  pthread_detach(thread);
  pthread_cancel(thread);
  pthread_join(thread, NULL);
  pthread_atfork(NULL, NULL, NULL);
  pthread_exit(NULL);

  return 0;
}

Determining if the function pthread_create exists in the pthreads failed with the following output:
Change Dir: /home/119010114/csc4005-assignment-3_cuda/csc4005-imgui/build/CMakeFiles/CMakeTmp

Run Build Command(s):/opt/rh/devtoolset-10/root/usr/bin/gmake -f Makefile cmTC_1cd24/fast && /opt/rh/devtoolset-10/root/usr/bin/gmake  -f CMakeFiles/cmTC_1cd24.dir/build.make CMakeFiles/cmTC_1cd24.dir/build
gmake[1]: Entering directory '/home/119010114/csc4005-assignment-3_cuda/csc4005-imgui/build/CMakeFiles/CMakeTmp'
Building C object CMakeFiles/cmTC_1cd24.dir/CheckFunctionExists.c.o
/opt/rh/devtoolset-10/root/usr/bin/gcc   -DCHECK_FUNCTION_EXISTS=pthread_create -o CMakeFiles/cmTC_1cd24.dir/CheckFunctionExists.c.o -c /opt/cmake/share/cmake-3.21/Modules/CheckFunctionExists.c
Linking C executable cmTC_1cd24
/opt/cmake/bin/cmake -E cmake_link_script CMakeFiles/cmTC_1cd24.dir/link.txt --verbose=1
/opt/rh/devtoolset-10/root/usr/bin/gcc  -DCHECK_FUNCTION_EXISTS=pthread_create -rdynamic CMakeFiles/cmTC_1cd24.dir/CheckFunctionExists.c.o -o cmTC_1cd24  -lpthreads 
/opt/rh/devtoolset-10/root/usr/libexec/gcc/x86_64-redhat-linux/10/ld: cannot find -lpthreads
collect2: error: ld returned 1 exit status
gmake[1]: *** [CMakeFiles/cmTC_1cd24.dir/build.make:99: cmTC_1cd24] Error 1
gmake[1]: Leaving directory '/home/119010114/csc4005-assignment-3_cuda/csc4005-imgui/build/CMakeFiles/CMakeTmp'
gmake: *** [Makefile:127: cmTC_1cd24/fast] Error 2



